P05 with different thread counts
Sum: 261772607354835468036246868736318898176.000000 
2^1 elements CPU Serial elapsed time: 0.032000 ms
CUDA Sum: 261772607354835468036246868736318898176.000000 
2^1 elements CUDA elapsed time: 7.328768 ms

Sum: 180211460675911097052188385821144907776.000000 
2^2 elements CPU Serial elapsed time: 0.035000 ms
CUDA Sum: 180211460675911097052188385821144907776.000000 
2^2 elements CUDA elapsed time: 6.779904 ms

Sum: 209321565953046516859784014809635225600.000000 
2^3 elements CPU Serial elapsed time: 0.037000 ms
CUDA Sum: 209321565953046516859784014809635225600.000000 
2^3 elements CUDA elapsed time: 7.066624 ms

Sum: 177811970490160689834353730205004070912.000000 
2^4 elements CPU Serial elapsed time: 0.041000 ms
CUDA Sum: 177811950207751086182683306257752784896.000000 
2^4 elements CUDA elapsed time: 6.104064 ms

Sum: 185987241893923775935474996675361112064.000000 
2^5 elements CPU Serial elapsed time: 0.041000 ms
CUDA Sum: 185987262176333379587145420622612398080.000000 
2^5 elements CUDA elapsed time: 6.902784 ms

Sum: 187526433393925693900607505680954294272.000000 
2^6 elements CPU Serial elapsed time: 0.035000 ms
CUDA Sum: 187526413111516090248937081733703008256.000000 
2^6 elements CUDA elapsed time: 8.811520 ms

Sum: 179787355491098740623623648796754313216.000000 
2^7 elements CPU Serial elapsed time: 0.037000 ms
CUDA Sum: 179787335208689136971953224849503027200.000000 
2^7 elements CUDA elapsed time: 5.905408 ms

Sum: 176948629442971652831087991506763513856.000000 
2^8 elements CPU Serial elapsed time: 0.042000 ms
CUDA Sum: 176948609160562049179417567559512227840.000000 
2^8 elements CUDA elapsed time: 6.103040 ms

Sum: 175151445692811285618162873464812208128.000000 
2^9 elements CPU Serial elapsed time: 0.039000 ms
CUDA Sum: 175151384845582474663151601623058350080.000000 
2^9 elements CUDA elapsed time: 8.020992 ms

Sum: 174534515639897012758877669922445459456.000000 
2^10 elements CPU Serial elapsed time: 0.039000 ms
CUDA Sum: 174534535922306616410548093869696745472.000000 
2^10 elements CUDA elapsed time: 6.161408 ms

Sum: 170660088627769056067813570192785539072.000000 
2^11 elements CPU Serial elapsed time: 0.049000 ms
CUDA Sum: 87060458371629673947796268787110510592.000000 
2^11 elements CUDA elapsed time: 7.496704 ms

Sum: 170735518909085036630120230020318232576.000000 
2^12 elements CPU Serial elapsed time: 0.056000 ms
CUDA Sum: 43530229185814836973898134393555255296.000000 
2^12 elements CUDA elapsed time: 6.007808 ms

Sum: 169785744373370038033342840110722318336.000000 
2^13 elements CPU Serial elapsed time: 0.069000 ms
CUDA Sum: 21192827391181383182496373051194605568.000000 
2^13 elements CUDA elapsed time: 6.098944 ms

Sum: 169810448348267285767919207862788685824.000000 
2^14 elements CPU Serial elapsed time: 0.090000 ms
CUDA Sum: 10596413695590691591248186525597302784.000000 
2^14 elements CUDA elapsed time: 8.272896 ms

Sum: 168953962755524283029256763335482802176.000000 
2^15 elements CPU Serial elapsed time: 0.148000 ms
CUDA Sum: 5284996343977717359973745744519626752.000000 
2^15 elements CUDA elapsed time: 7.474432 ms

Sum: 169606204483558513446750059042338504704.000000 
2^16 elements CPU Serial elapsed time: 0.254000 ms
CUDA Sum: 2642498171988858679986872872259813376.000000 
2^16 elements CUDA elapsed time: 8.382272 ms

Sum: 170385018588724332113523997570844590080.000000 
2^17 elements CPU Serial elapsed time: 0.471000 ms
CUDA Sum: 1363484351780183430135153219350822912.000000 
2^17 elements CUDA elapsed time: 5.474080 ms

Sum: 170157875883573037056446212303692496896.000000 
2^18 elements CPU Serial elapsed time: 0.894000 ms
CUDA Sum: 681742175890091715067576609675411456.000000 
2^18 elements CUDA elapsed time: 5.872224 ms

Sum: 170006224306966533516686358705826955264.000000 
2^19 elements CPU Serial elapsed time: 1.764000 ms
CUDA Sum: 342169320616004592969596116007911424.000000 
2^19 elements CUDA elapsed time: 7.162016 ms

Sum: 170048066917978866912770961885230006272.000000 
2^20 elements CPU Serial elapsed time: 3.490000 ms
CUDA Sum: 171084660308002296484798058003955712.000000 
2^20 elements CUDA elapsed time: 6.849952 ms

Sum: 170138465617582342407850494784211779584.000000 
2^21 elements CPU Serial elapsed time: 6.969000 ms
CUDA Sum: 83697720267303417368461740364267520.000000 
2^21 elements CUDA elapsed time: 6.016224 ms

Sum: 170123253810379603655032534345747267584.000000 
2^22 elements CPU Serial elapsed time: 13.935000 ms
CUDA Sum: 41848860133651708684230870182133760.000000 
2^22 elements CUDA elapsed time: 8.258400 ms

Sum: 170156070749118312057778480998328041472.000000 
2^23 elements CPU Serial elapsed time: 27.789000 ms
CUDA Sum: 19758549279287236767637913989021696.000000 
2^23 elements CUDA elapsed time: 6.029216 ms

Sum: 170141305154926853641709847399391821824.000000 
2^24 elements CPU Serial elapsed time: 55.710000 ms
CUDA Sum: 9879274639643618383818956994510848.000000 
2^24 elements CUDA elapsed time: 7.355360 ms

Sum: 170139003101436839177116729386370859008.000000 
2^25 elements CPU Serial elapsed time: 110.913000 ms
CUDA Sum: 5249086738867024805951356203433984.000000 
2^25 elements CUDA elapsed time: 7.132096 ms

Sum: 85070591730234615865843651857942052864.000000 
2^26 elements CPU Serial elapsed time: 221.531000 ms
CUDA Sum: 2544101716195738571367664284860416.000000 
2^26 elements CUDA elapsed time: 8.002720 ms

Sum: 42535295865117307932921825928971026432.000000 
2^27 elements CPU Serial elapsed time: 443.448000 ms
CUDA Sum: 1287621590540748343445246145724416.000000 
2^27 elements CUDA elapsed time: 8.105408 ms

Sum: 21267647932558653966460912964485513216.000000 
2^28 elements CPU Serial elapsed time: 894.445000 ms
CUDA Sum: 648019597975813326316612142235648.000000 
2^28 elements CUDA elapsed time: 8.773952 ms

Sum: 10633823966279326983230456482242756608.000000 
2^29 elements CPU Serial elapsed time: 2141.795000 ms
CUDA Sum: 332738552890534107144753386618880.000000 
2^29 elements CUDA elapsed time: 13.934688 ms

